<?xml version="1.0" encoding="UTF-8"?>
<!-- Generated by org.testng.reporters.JUnitReportReporter -->
<testsuite skipped="0" hostname="TYSS-4F-Wacom02" name="scripts.Invalidlogin" tests="1" failures="0" timestamp="26 Oct 2018 05:41:41 GMT" time="18.728" errors="0">
  <testcase name="abc" time="18.728" classname="scripts.Invalidlogin"/>
</testsuite> <!-- scripts.Invalidlogin -->
